Reading netlist file: "/home/gindrus/fpga/Costas_v3/impl/gwsynthesis/Costas_v3.vg"
Parsing netlist file "/home/gindrus/fpga/Costas_v3/impl/gwsynthesis/Costas_v3.vg" completed
Processing netlist completed
Reading constraint file: "/home/gindrus/fpga/Costas_v3/src/constraints.cst"
Physical Constraint parsed completed
Running placement......
[10%] Placement Phase 0 completed
[20%] Placement Phase 1 completed
[30%] Placement Phase 2 completed
WARN  (TA1132) :  'pps' was determined to be a clock but was not created.
WARN  (TA1132) :  'clk10M_w' was determined to be a clock but was not created.
WARN  (TA1132) :  'interCostasClock' was determined to be a clock but was not created.
WARN  (TA1132) :  'interPskClock' was determined to be a clock but was not created.
[50%] Placement Phase 3 completed
Running routing......
[60%] Routing Phase 0 completed
[70%] Routing Phase 1 completed
[80%] Routing Phase 2 completed
WARN  (PR1014) : Generic routing resource will be used to clock signal 'clk10M_w_d' by the specified constraint. And then it may lead to the excessive delay or skew
WARN  (PR1014) : Generic routing resource will be used to clock signal 'ledr_d[2]' by the specified constraint. And then it may lead to the excessive delay or skew
[90%] Routing Phase 3 completed
Running timing analysis......
[95%] Timing analysis completed
Placement and routing completed
Bitstream generation in progress......
Bitstream generation completed
Running power analysis......
[100%] Power analysis completed
Generate file "/home/gindrus/fpga/Costas_v3/impl/pnr/Costas_v3.power.html" completed
Generate file "/home/gindrus/fpga/Costas_v3/impl/pnr/Costas_v3.pin.html" completed
Generate file "/home/gindrus/fpga/Costas_v3/impl/pnr/Costas_v3.rpt.html" completed
Generate file "/home/gindrus/fpga/Costas_v3/impl/pnr/Costas_v3.rpt.txt" completed
Generate file "/home/gindrus/fpga/Costas_v3/impl/pnr/Costas_v3.tr.html" completed
Mon Feb 17 01:14:14 2025

